E:\MINE\teat1\Debug\teat1.exe
E:\MINE\teat1\Debug\teat1.ilk
E:\MINE\teat1\Debug\teat1.pdb
E:\MINE\teat1\teat1\Debug\cl.command.1.tlog
E:\MINE\teat1\teat1\Debug\CL.read.1.tlog
E:\MINE\teat1\teat1\Debug\CL.write.1.tlog
E:\MINE\teat1\teat1\Debug\link.command.1.tlog
E:\MINE\teat1\teat1\Debug\link.read.1.tlog
E:\MINE\teat1\teat1\Debug\link.write.1.tlog
E:\MINE\teat1\teat1\Debug\link-cvtres.read.1.tlog
E:\MINE\teat1\teat1\Debug\link-cvtres.write.1.tlog
E:\MINE\teat1\teat1\Debug\mt.command.1.tlog
E:\MINE\teat1\teat1\Debug\mt.read.1.tlog
E:\MINE\teat1\teat1\Debug\mt.write.1.tlog
E:\MINE\teat1\teat1\Debug\rc.command.1.tlog
E:\MINE\teat1\teat1\Debug\rc.read.1.tlog
E:\MINE\teat1\teat1\Debug\rc.write.1.tlog
E:\MINE\TEAT1\TEAT1\DEBUG\TEAT1.EXE.EMBED.MANIFEST
E:\MINE\TEAT1\TEAT1\DEBUG\TEAT1.EXE.EMBED.MANIFEST.RES
E:\MINE\teat1\teat1\Debug\teat1.exe.intermediate.manifest
E:\MINE\teat1\teat1\Debug\teat1.vcxprojResolveAssemblyReference.cache
E:\MINE\teat1\teat1\Debug\teat1.write.1.tlog
E:\MINE\teat1\teat1\Debug\teat1_manifest.rc
E:\MINE\TEAT1\TEAT1\DEBUG\TEST1.OBJ
E:\MINE\teat1\teat1\Debug\vc100.idb
E:\MINE\TEAT1\TEAT1\DEBUG\VC100.PDB
