Build started 2016/3/28 11:12:08.
     1>Project "E:\MINE\teat1\teat1\teat1.vcxproj" on node 2 (build target(s)).
     1>InitializeBuildStatus:
         Touching "Release\test1.unsuccessfulbuild".
       ClCompile:
         e:\Microsoft Visual Studio 10.0\VC\bin\CL.exe /c /Zi /nologo /W3 /WX- /O2 /Oi /Oy- /GL /D WIN32 /D NDEBUG /D _CONSOLE /D _UNICODE /D UNICODE /Gm- /EHsc /MD /GS /Gy /fp:precise /Zc:wchar_t /Zc:forScope /Fo"Release\\" /Fd"Release\vc100.pdb" /Gd /TP /analyze- /errorReport:prompt test1.cpp
         test1.cpp
       Link:
         e:\Microsoft Visual Studio 10.0\VC\bin\link.exe /ERRORREPORT:PROMPT /OUT:"E:\MINE\teat1\Release\test1.exe" /INCREMENTAL:NO /NOLOGO kernel32.lib user32.lib gdi32.lib winspool.lib comdlg32.lib advapi32.lib shell32.lib ole32.lib oleaut32.lib uuid.lib odbc32.lib odbccp32.lib /MANIFEST /ManifestFile:"Release\test1.exe.intermediate.manifest" /MANIFESTUAC:"level='asInvoker' uiAccess='false'" /DEBUG /PDB:"E:\MINE\teat1\Release\test1.pdb" /SUBSYSTEM:CONSOLE /OPT:REF /OPT:ICF /LTCG /TLBID:1 /DYNAMICBASE /NXCOMPAT /IMPLIB:"E:\MINE\teat1\Release\test1.lib" /MACHINE:X86 Release\other.obj
         Release\test1.obj
         Generating code
         Finished generating code
         teat1.vcxproj -> E:\MINE\teat1\Release\test1.exe
       Manifest:
         C:\Program Files (x86)\Microsoft SDKs\Windows\v7.0A\bin\mt.exe /nologo /verbose /outputresource:"E:\MINE\teat1\Release\test1.exe;#1" /manifest Release\test1.exe.intermediate.manifest
       FinalizeBuildStatus:
         Deleting file "Release\test1.unsuccessfulbuild".
         Touching "Release\test1.lastbuildstate".
     1>Done Building Project "E:\MINE\teat1\teat1\teat1.vcxproj" (build target(s)).

Build succeeded.

Time Elapsed 00:00:00.79
